0 info it worked if it ends with ok
1 verbose cli [ '/usr/local/bin/node', '/usr/local/bin/npm', 'start' ]
2 info using npm@4.0.3
3 info using node@v4.4.7
4 verbose run-script [ 'prestart', 'start', 'poststart' ]
5 info lifecycle example-project@1.0.0~prestart: example-project@1.0.0
6 silly lifecycle example-project@1.0.0~prestart: no script for prestart, continuing
7 info lifecycle example-project@1.0.0~start: example-project@1.0.0
8 verbose lifecycle example-project@1.0.0~start: unsafe-perm in lifecycle true
9 verbose lifecycle example-project@1.0.0~start: PATH: /usr/local/lib/node_modules/npm/bin/node-gyp-bin:/Users/deerex/react-course-2017/node_modules/.bin:/usr/local/bin:/usr/bin:/bin:/usr/sbin:/sbin:/Users/deerex/android-sdk/tools:/Users/deerex/android-sdk/platform-tools
10 verbose lifecycle example-project@1.0.0~start: CWD: /Users/deerex/react-course-2017
11 silly lifecycle example-project@1.0.0~start: Args: [ '-c',
11 silly lifecycle   'node ./node_modues/webpack-dev-server/bin/webpack-dev-server.js' ]
12 silly lifecycle example-project@1.0.0~start: Returned: code: 1  signal: null
13 info lifecycle example-project@1.0.0~start: Failed to exec start script
14 verbose stack Error: example-project@1.0.0 start: `node ./node_modues/webpack-dev-server/bin/webpack-dev-server.js`
14 verbose stack Exit status 1
14 verbose stack     at EventEmitter.<anonymous> (/usr/local/lib/node_modules/npm/lib/utils/lifecycle.js:279:16)
14 verbose stack     at emitTwo (events.js:87:13)
14 verbose stack     at EventEmitter.emit (events.js:172:7)
14 verbose stack     at ChildProcess.<anonymous> (/usr/local/lib/node_modules/npm/lib/utils/spawn.js:40:14)
14 verbose stack     at emitTwo (events.js:87:13)
14 verbose stack     at ChildProcess.emit (events.js:172:7)
14 verbose stack     at maybeClose (internal/child_process.js:827:16)
14 verbose stack     at Process.ChildProcess._handle.onexit (internal/child_process.js:211:5)
15 verbose pkgid example-project@1.0.0
16 verbose cwd /Users/deerex/react-course-2017
17 error Darwin 15.6.0
18 error argv "/usr/local/bin/node" "/usr/local/bin/npm" "start"
19 error node v4.4.7
20 error npm  v4.0.3
21 error code ELIFECYCLE
22 error example-project@1.0.0 start: `node ./node_modues/webpack-dev-server/bin/webpack-dev-server.js`
22 error Exit status 1
23 error Failed at the example-project@1.0.0 start script 'node ./node_modues/webpack-dev-server/bin/webpack-dev-server.js'.
23 error Make sure you have the latest version of node.js and npm installed.
23 error If you do, this is most likely a problem with the example-project package,
23 error not with npm itself.
23 error Tell the author that this fails on your system:
23 error     node ./node_modues/webpack-dev-server/bin/webpack-dev-server.js
23 error You can get information on how to open an issue for this project with:
23 error     npm bugs example-project
23 error Or if that isn't available, you can get their info via:
23 error     npm owner ls example-project
23 error There is likely additional logging output above.
24 verbose exit [ 1, true ]
